[0.019s] Invoking command in '/home/achrafnvl/ros2_foxy/src/PySC_ros2/cognitive_arch/build/cognitive_arch': CMAKE_PREFIX_PATH=${CMAKE_PREFIX_PATH}:/home/achrafnvl/ros2_foxy/install/robots:/home/achrafnvl/ros2_foxy/install/intro_py_ros2:/opt/ros/foxy /usr/bin/cmake /home/achrafnvl/ros2_foxy/src/PySC_ros2/cognitive_arch -DAMENT_CMAKE_SYMLINK_INSTALL=1 -DCMAKE_INSTALL_PREFIX=/home/achrafnvl/ros2_foxy/src/PySC_ros2/cognitive_arch/install/cognitive_arch
[0.169s] -- The C compiler identification is GNU 9.3.0
[0.235s] -- The CXX compiler identification is GNU 9.3.0
[0.243s] -- Check for working C compiler: /usr/bin/cc
[0.325s] -- Check for working C compiler: /usr/bin/cc -- works
[0.326s] -- Detecting C compiler ABI info
[0.411s] -- Detecting C compiler ABI info - done
[0.424s] -- Detecting C compile features
[0.425s] -- Detecting C compile features - done
[0.427s] -- Check for working CXX compiler: /usr/bin/c++
[0.523s] -- Check for working CXX compiler: /usr/bin/c++ -- works
[0.524s] -- Detecting CXX compiler ABI info
[0.612s] -- Detecting CXX compiler ABI info - done
[0.625s] -- Detecting CXX compile features
[0.626s] -- Detecting CXX compile features - done
[0.632s] -- Found ament_cmake: 0.9.8 (/opt/ros/foxy/share/ament_cmake/cmake)
[0.664s] -- Found PythonInterp: /usr/bin/python3 (found suitable version "3.8.5", minimum required is "3") 
[0.664s] -- Using PYTHON_EXECUTABLE: /usr/bin/python3
[0.884s] -- Override CMake install command with custom implementation using symlinks instead of copying resources
[0.947s] -- Found std_msgs: 2.0.4 (/opt/ros/foxy/share/std_msgs/cmake)
[1.006s] -- Using all available rosidl_typesupport_c: rosidl_typesupport_fastrtps_c;rosidl_typesupport_introspection_c
[1.024s] -- Found rosidl_adapter: 1.2.1 (/opt/ros/foxy/share/rosidl_adapter/cmake)
[1.146s] -- Found OpenSSL: /usr/lib/x86_64-linux-gnu/libcrypto.so (found version "1.1.1f")  
[1.186s] -- Found FastRTPS: /opt/ros/foxy/include  
[1.297s] -- Using all available rosidl_typesupport_cpp: rosidl_typesupport_fastrtps_cpp;rosidl_typesupport_introspection_cpp
[1.359s] -- Found rclcpp: 2.3.1 (/opt/ros/foxy/share/rclcpp/cmake)
[1.433s] -- Found rmw_implementation_cmake: 1.0.3 (/opt/ros/foxy/share/rmw_implementation_cmake/cmake)
[1.436s] -- Using RMW implementation 'rmw_fastrtps_cpp' as default
[1.437s] -- Looking for pthread.h
[1.527s] -- Looking for pthread.h - found
[1.528s] -- Performing Test CMAKE_HAVE_LIBC_PTHREAD
[1.621s] -- Performing Test CMAKE_HAVE_LIBC_PTHREAD - Failed
[1.622s] -- Looking for pthread_create in pthreads
[1.696s] -- Looking for pthread_create in pthreads - not found
[1.696s] -- Looking for pthread_create in pthread
[1.783s] -- Looking for pthread_create in pthread - found
[1.784s] -- Found Threads: TRUE  
[1.959s] -- Found rclcpp_cascade_lifecycle: 0.0.5 (/home/achrafnvl/ros2_foxy/install/rclcpp_cascade_lifecycle/share/rclcpp_cascade_lifecycle/cmake)
[2.059s] -- Found geometry_msgs: 2.0.4 (/opt/ros/foxy/share/geometry_msgs/cmake)
[2.101s] -- Found tf2_geometry_msgs: 0.13.10 (/opt/ros/foxy/share/tf2_geometry_msgs/cmake)
[2.119s] -- Found eigen3_cmake_module: 0.1.1 (/opt/ros/foxy/share/eigen3_cmake_module/cmake)
[2.126s] -- Found Eigen3: TRUE (found version "3.3.7") 
[2.609s] -- Found nav2_msgs: 0.4.7 (/opt/ros/foxy/share/nav2_msgs/cmake)
[2.951s] -- Found plansys2_msgs: 1.0.8 (/home/achrafnvl/ros2_foxy/install/plansys2_msgs/share/plansys2_msgs/cmake)
[3.055s] -- Found plansys2_executor: 1.0.8 (/home/achrafnvl/ros2_foxy/install/plansys2_executor/share/plansys2_executor/cmake)
[4.490s] -- Found plansys2_bt_actions: 1.0.8 (/home/achrafnvl/ros2_foxy/install/plansys2_bt_actions/share/plansys2_bt_actions/cmake)
[10.594s] -- Found ament_lint_auto: 0.9.6 (/opt/ros/foxy/share/ament_lint_auto/cmake)
[10.713s] -- Added test 'copyright' to check source files copyright and LICENSE
[10.720s] -- Added test 'cppcheck' to perform static code analysis on C / C++ code
[10.721s] -- Configured cppcheck include dirs: /home/achrafnvl/ros2_foxy/src/PySC_ros2/cognitive_arch/include;/home/achrafnvl/ros2_foxy/src/PySC_ros2/cognitive_arch/fsm
[10.721s] -- Configured cppcheck exclude dirs and/or files: 
[10.727s] -- Added test 'cpplint' to check C / C++ code against the Google style
[10.727s] -- Configured cpplint exclude dirs and/or files: 
[10.729s] -- Added test 'flake8' to check Python code syntax and style conventions
[10.731s] -- Added test 'lint_cmake' to check CMake code style
[10.733s] -- Added test 'pep257' to check Python code against some of the style conventions in PEP 257
[10.740s] -- Added test 'uncrustify' to check C / C++ code style
[10.740s] -- Configured uncrustify additional arguments: 
[10.741s] -- Added test 'xmllint' to check XML markup files
[10.748s] -- Configuring done
[10.927s] -- Generating done
[10.930s] -- Build files have been written to: /home/achrafnvl/ros2_foxy/src/PySC_ros2/cognitive_arch/build/cognitive_arch
[10.942s] Invoked command in '/home/achrafnvl/ros2_foxy/src/PySC_ros2/cognitive_arch/build/cognitive_arch' returned '0': CMAKE_PREFIX_PATH=${CMAKE_PREFIX_PATH}:/home/achrafnvl/ros2_foxy/install/robots:/home/achrafnvl/ros2_foxy/install/intro_py_ros2:/opt/ros/foxy /usr/bin/cmake /home/achrafnvl/ros2_foxy/src/PySC_ros2/cognitive_arch -DAMENT_CMAKE_SYMLINK_INSTALL=1 -DCMAKE_INSTALL_PREFIX=/home/achrafnvl/ros2_foxy/src/PySC_ros2/cognitive_arch/install/cognitive_arch
[10.946s] Invoking command in '/home/achrafnvl/ros2_foxy/src/PySC_ros2/cognitive_arch/build/cognitive_arch': CMAKE_PREFIX_PATH=${CMAKE_PREFIX_PATH}:/home/achrafnvl/ros2_foxy/install/robots:/home/achrafnvl/ros2_foxy/install/intro_py_ros2:/opt/ros/foxy /usr/bin/cmake --build /home/achrafnvl/ros2_foxy/src/PySC_ros2/cognitive_arch/build/cognitive_arch -- -j8 -l8
[10.999s] [35m[1mScanning dependencies of target cognitive_move_bt_node[0m
[10.999s] [35m[1mScanning dependencies of target cognitive_search_bt_node[0m
[10.999s] [35m[1mScanning dependencies of target cognitive_pick_bt_node[0m
[11.004s] [35m[1mScanning dependencies of target hfsm_main[0m
[11.004s] [35m[1mScanning dependencies of target cognitive_drop_bt_node[0m
[11.026s] [  9%] [32mBuilding CXX object CMakeFiles/cognitive_pick_bt_node.dir/src/behavior_tree_nodes/Pick.cpp.o[0m
[11.038s] [ 18%] [32mBuilding CXX object CMakeFiles/cognitive_drop_bt_node.dir/src/behavior_tree_nodes/Drop.cpp.o[0m
[11.091s] [ 27%] [32mBuilding CXX object CMakeFiles/cognitive_search_bt_node.dir/src/behavior_tree_nodes/Search.cpp.o[0m
[11.093s] [ 36%] [32mBuilding CXX object CMakeFiles/cognitive_move_bt_node.dir/src/behavior_tree_nodes/Move.cpp.o[0m
[11.111s] [ 45%] [32mBuilding CXX object CMakeFiles/hfsm_main.dir/fsm/MyBT.cpp.o[0m
[11.119s] [ 54%] [32mBuilding CXX object CMakeFiles/hfsm_main.dir/src/TestBT.cpp.o[0m
[12.761s] [ 63%] [32m[1mLinking CXX shared library libcognitive_pick_bt_node.so[0m
[13.007s] [ 63%] Built target cognitive_pick_bt_node
[13.068s] [ 72%] [32m[1mLinking CXX shared library libcognitive_drop_bt_node.so[0m
[13.305s] [ 72%] Built target cognitive_drop_bt_node
[15.236s] [ 81%] [32m[1mLinking CXX shared library libcognitive_search_bt_node.so[0m
[15.594s] [ 81%] Built target cognitive_search_bt_node
[16.887s] [ 90%] [32m[1mLinking CXX executable hfsm_main[0m
[17.357s] [100%] [32m[1mLinking CXX shared library libcognitive_move_bt_node.so[0m
[17.838s] [100%] Built target cognitive_move_bt_node
[18.588s] [100%] Built target hfsm_main
[18.602s] Invoked command in '/home/achrafnvl/ros2_foxy/src/PySC_ros2/cognitive_arch/build/cognitive_arch' returned '0': CMAKE_PREFIX_PATH=${CMAKE_PREFIX_PATH}:/home/achrafnvl/ros2_foxy/install/robots:/home/achrafnvl/ros2_foxy/install/intro_py_ros2:/opt/ros/foxy /usr/bin/cmake --build /home/achrafnvl/ros2_foxy/src/PySC_ros2/cognitive_arch/build/cognitive_arch -- -j8 -l8
[18.666s] Invoking command in '/home/achrafnvl/ros2_foxy/src/PySC_ros2/cognitive_arch/build/cognitive_arch': CMAKE_PREFIX_PATH=${CMAKE_PREFIX_PATH}:/home/achrafnvl/ros2_foxy/install/robots:/home/achrafnvl/ros2_foxy/install/intro_py_ros2:/opt/ros/foxy /usr/bin/cmake --install /home/achrafnvl/ros2_foxy/src/PySC_ros2/cognitive_arch/build/cognitive_arch
[18.677s] -- Install configuration: ""
[18.677s] -- Execute custom install script
[18.678s] -- Symlinking: /home/achrafnvl/ros2_foxy/src/PySC_ros2/cognitive_arch/install/cognitive_arch/share/cognitive_arch/fsm/MyBT.bica
[18.690s] -- Symlinking: /home/achrafnvl/ros2_foxy/src/PySC_ros2/cognitive_arch/install/cognitive_arch/share/cognitive_arch/fsm/MyBT.cpp
[18.701s] -- Symlinking: /home/achrafnvl/ros2_foxy/src/PySC_ros2/cognitive_arch/install/cognitive_arch/share/cognitive_arch/fsm/MyBT.hpp
[18.712s] -- Symlinking: /home/achrafnvl/ros2_foxy/src/PySC_ros2/cognitive_arch/install/cognitive_arch/share/cognitive_arch/fsm/rosgraph.svg
[18.725s] -- Symlinking: /home/achrafnvl/ros2_foxy/src/PySC_ros2/cognitive_arch/install/cognitive_arch/share/cognitive_arch/launch/cognitive_arch_launch.py
[18.736s] -- Symlinking: /home/achrafnvl/ros2_foxy/src/PySC_ros2/cognitive_arch/install/cognitive_arch/share/cognitive_arch/launch/commands
[18.748s] -- Symlinking: /home/achrafnvl/ros2_foxy/src/PySC_ros2/cognitive_arch/install/cognitive_arch/share/cognitive_arch/pddl/cognitive_domain.pddl
[18.758s] -- Symlinking: /home/achrafnvl/ros2_foxy/src/PySC_ros2/cognitive_arch/install/cognitive_arch/share/cognitive_arch/pddl/house_problem.pddl
[18.770s] -- Symlinking: /home/achrafnvl/ros2_foxy/src/PySC_ros2/cognitive_arch/install/cognitive_arch/share/cognitive_arch/pddl/house_problem_2.pddl
[18.781s] -- Symlinking: /home/achrafnvl/ros2_foxy/src/PySC_ros2/cognitive_arch/install/cognitive_arch/share/cognitive_arch/behavior_trees_xml/drop.xml
[18.793s] -- Symlinking: /home/achrafnvl/ros2_foxy/src/PySC_ros2/cognitive_arch/install/cognitive_arch/share/cognitive_arch/behavior_trees_xml/move.xml
[18.804s] -- Symlinking: /home/achrafnvl/ros2_foxy/src/PySC_ros2/cognitive_arch/install/cognitive_arch/share/cognitive_arch/behavior_trees_xml/move_out_zone.xml
[18.817s] -- Symlinking: /home/achrafnvl/ros2_foxy/src/PySC_ros2/cognitive_arch/install/cognitive_arch/share/cognitive_arch/behavior_trees_xml/move_to_zone.xml
[18.828s] -- Symlinking: /home/achrafnvl/ros2_foxy/src/PySC_ros2/cognitive_arch/install/cognitive_arch/share/cognitive_arch/behavior_trees_xml/pick.xml
[18.840s] -- Symlinking: /home/achrafnvl/ros2_foxy/src/PySC_ros2/cognitive_arch/install/cognitive_arch/share/cognitive_arch/behavior_trees_xml/search.xml
[18.853s] -- Symlinking: /home/achrafnvl/ros2_foxy/src/PySC_ros2/cognitive_arch/install/cognitive_arch/share/cognitive_arch/config/params.yaml
[18.865s] -- Symlinking: /home/achrafnvl/ros2_foxy/src/PySC_ros2/cognitive_arch/install/cognitive_arch/lib/cognitive_arch/hfsm_main
[18.876s] -- Symlinking: /home/achrafnvl/ros2_foxy/src/PySC_ros2/cognitive_arch/install/cognitive_arch/lib/libcognitive_move_bt_node.so
[18.888s] -- Symlinking: /home/achrafnvl/ros2_foxy/src/PySC_ros2/cognitive_arch/install/cognitive_arch/lib/libcognitive_pick_bt_node.so
[18.899s] -- Symlinking: /home/achrafnvl/ros2_foxy/src/PySC_ros2/cognitive_arch/install/cognitive_arch/lib/libcognitive_drop_bt_node.so
[18.911s] -- Symlinking: /home/achrafnvl/ros2_foxy/src/PySC_ros2/cognitive_arch/install/cognitive_arch/lib/libcognitive_search_bt_node.so
[18.923s] -- Symlinking: /home/achrafnvl/ros2_foxy/src/PySC_ros2/cognitive_arch/install/cognitive_arch/share/ament_index/resource_index/package_run_dependencies/cognitive_arch
[18.936s] -- Symlinking: /home/achrafnvl/ros2_foxy/src/PySC_ros2/cognitive_arch/install/cognitive_arch/share/ament_index/resource_index/parent_prefix_path/cognitive_arch
[18.948s] -- Symlinking: /home/achrafnvl/ros2_foxy/src/PySC_ros2/cognitive_arch/install/cognitive_arch/share/cognitive_arch/environment/ament_prefix_path.sh
[18.959s] -- Symlinking: /home/achrafnvl/ros2_foxy/src/PySC_ros2/cognitive_arch/install/cognitive_arch/share/cognitive_arch/environment/ament_prefix_path.dsv
[18.972s] -- Symlinking: /home/achrafnvl/ros2_foxy/src/PySC_ros2/cognitive_arch/install/cognitive_arch/share/cognitive_arch/environment/path.sh
[18.983s] -- Symlinking: /home/achrafnvl/ros2_foxy/src/PySC_ros2/cognitive_arch/install/cognitive_arch/share/cognitive_arch/environment/path.dsv
[18.994s] -- Symlinking: /home/achrafnvl/ros2_foxy/src/PySC_ros2/cognitive_arch/install/cognitive_arch/share/cognitive_arch/local_setup.bash
[19.006s] -- Symlinking: /home/achrafnvl/ros2_foxy/src/PySC_ros2/cognitive_arch/install/cognitive_arch/share/cognitive_arch/local_setup.sh
[19.017s] -- Symlinking: /home/achrafnvl/ros2_foxy/src/PySC_ros2/cognitive_arch/install/cognitive_arch/share/cognitive_arch/local_setup.zsh
[19.028s] -- Symlinking: /home/achrafnvl/ros2_foxy/src/PySC_ros2/cognitive_arch/install/cognitive_arch/share/cognitive_arch/local_setup.dsv
[19.040s] -- Symlinking: /home/achrafnvl/ros2_foxy/src/PySC_ros2/cognitive_arch/install/cognitive_arch/share/cognitive_arch/package.dsv
[19.052s] -- Symlinking: /home/achrafnvl/ros2_foxy/src/PySC_ros2/cognitive_arch/install/cognitive_arch/share/ament_index/resource_index/packages/cognitive_arch
[19.064s] -- Symlinking: /home/achrafnvl/ros2_foxy/src/PySC_ros2/cognitive_arch/install/cognitive_arch/share/cognitive_arch/cmake/ament_cmake_export_dependencies-extras.cmake
[19.076s] -- Symlinking: /home/achrafnvl/ros2_foxy/src/PySC_ros2/cognitive_arch/install/cognitive_arch/share/cognitive_arch/cmake/cognitive_archConfig.cmake
[19.088s] -- Symlinking: /home/achrafnvl/ros2_foxy/src/PySC_ros2/cognitive_arch/install/cognitive_arch/share/cognitive_arch/cmake/cognitive_archConfig-version.cmake
[19.099s] -- Symlinking: /home/achrafnvl/ros2_foxy/src/PySC_ros2/cognitive_arch/install/cognitive_arch/share/cognitive_arch/package.xml
[19.113s] Invoked command in '/home/achrafnvl/ros2_foxy/src/PySC_ros2/cognitive_arch/build/cognitive_arch' returned '0': CMAKE_PREFIX_PATH=${CMAKE_PREFIX_PATH}:/home/achrafnvl/ros2_foxy/install/robots:/home/achrafnvl/ros2_foxy/install/intro_py_ros2:/opt/ros/foxy /usr/bin/cmake --install /home/achrafnvl/ros2_foxy/src/PySC_ros2/cognitive_arch/build/cognitive_arch
